{
  "Unknown Test Framework": {
    "coverage": {
    },
    "timestamp": 1593089545
  },
  "RSpec": {
    "coverage": {
      "/home/fpadmin/projects/web_scraper/spec/models/scraper_spec.rb": [
        1,
        1,
        null,
        1,
        null,
        null,
        1,
        1,
        null,
        null
      ],
      "/home/fpadmin/projects/web_scraper/app/models/scraper.rb": [
        null,
        1,
        1,
        null,
        null,
        1,
        1,
        null,
        null
      ]
    },
    "timestamp": 1593091073
  }
}
